<?xml version="1.0" encoding="UTF-8"?>
<!-- Generated by org.testng.reporters.JUnitXMLReporter -->
<testsuite ignored="0" hostname="LAPTOP-45KDNTCC" failures="1" tests="2" name="OpenCartTest" time="23.848" errors="0" timestamp="2023-08-14T14:46:43 IST">
  <testcase classname="testCases.TC_001_AccountRegistrationTest" name="test_account_Registration" time="3.541"/>
  <testcase classname="testCases.TC_002_LoginTest" name="Test_login" time="10.112">
    <failure type="java.lang.AssertionError" message="null">
      <![CDATA[java.lang.AssertionError: null
at testCases.TC_002_LoginTest.Test_login(TC_002_LoginTest.java:43)
at java.base/java.util.ArrayList.forEach(ArrayList.java:1541)
... Removed 29 stack frames]]>
    </failure>
  </testcase> <!-- Test_login -->
</testsuite> <!-- OpenCartTest -->
